<?xml version="1.0" encoding="UTF-8"?>
<!-- Generated by org.testng.reporters.JUnitXMLReporter -->
<testsuite hostname="HP-PC" name="LogIn" tests="3" failures="1" timestamp="19 Nov 2019 12:04:36 GMT" time="7.09" errors="0">
  <testcase name="adminlogin" time="4.826" classname="com.orangehrm.testcase.LoginTest"/>
  <testcase name="clickAdminBtn" time="2.211" classname="com.orangehrm.testcase.BtnForAddEmp"/>
  <testcase name="addEmployee" time="0.0" classname="com.orangehrm.testcase.AddEmployee">
    <failure type="org.testng.TestNGException" message="
Method public void com.orangehrm.testcase.AddEmployee.addEmployee(java.lang.String,java.lang.String,java.lang.String,java.lang.String) requires a @DataProvider named : getData">
      <![CDATA[org.testng.TestNGException: 
Method public void com.orangehrm.testcase.AddEmployee.addEmployee(java.lang.String,java.lang.String,java.lang.String,java.lang.String) requires a @DataProvider named : getData
... Removed 22 stack frames]]>
    </failure>
  </testcase> <!-- addEmployee -->
</testsuite> <!-- LogIn -->
